<?xml version="1.0" encoding="UTF-8"?>
<!-- Generated by org.testng.reporters.JUnitReportReporter -->
<testsuite skipped="0" hostname="QueenOfTheHouse" name="LearnTestNg.BasicTestNgTestClass2" tests="2" failures="0" timestamp="25 Apr 2023 17:23:16 GMT" time="0.003" errors="0">
  <testcase name="myThirdTest" time="0.001" classname="LearnTestNg.BasicTestNgTestClass2"/>
  <testcase name="myForthTest" time="0.002" classname="LearnTestNg.BasicTestNgTestClass2"/>
</testsuite> <!-- LearnTestNg.BasicTestNgTestClass2 -->
