<?xml version="1.0" encoding="UTF-8"?>
<!-- Generated by org.testng.reporters.JUnitReportReporter -->
<testsuite skipped="0" hostname="QueenOfTheHouse" name="LearnTestNg.BasicTestNgTestClass3" tests="4" failures="0" timestamp="25 Apr 2023 17:23:16 GMT" time="0.004" errors="0">
  <testcase name="mySixthTest" time="0.002" classname="LearnTestNg.BasicTestNgTestClass3"/>
  <testcase name="myFifthTest" time="0.000" classname="LearnTestNg.BasicTestNgTestClass3"/>
  <testcase name="myEigthTest" time="0.000" classname="LearnTestNg.BasicTestNgTestClass3"/>
  <testcase name="mySeventhest" time="0.002" classname="LearnTestNg.BasicTestNgTestClass3"/>
</testsuite> <!-- LearnTestNg.BasicTestNgTestClass3 -->
