<?xml version="1.0" encoding="UTF-8"?>
<!-- Generated by org.testng.reporters.JUnitReportReporter -->
<testsuite skipped="0" hostname="QueenOfTheHouse" name="LearnAssertions.orangeHRMLoginTestSuite" tests="2" failures="0" timestamp="27 Apr 2023 17:31:07 GMT" time="14.034" errors="0">
  <testcase name="testLoginWithValidCredentials" time="7.502" classname="LearnAssertions.orangeHRMLoginTestSuite"/>
  <testcase name="testLoginWithInvalidCredentials" time="6.532" classname="LearnAssertions.orangeHRMLoginTestSuite"/>
</testsuite> <!-- LearnAssertions.orangeHRMLoginTestSuite -->
