<?xml version="1.0" encoding="UTF-8"?>
<!-- Generated by org.testng.reporters.JUnitReportReporter -->
<testsuite skipped="0" hostname="QueenOfTheHouse" name="Automation.Training.LearnActionClass" tests="1" failures="0" timestamp="02 May 2023 17:49:28 GMT" time="5.145" errors="0">
  <testcase name="actionClassTest" time="5.145" classname="Automation.Training.LearnActionClass"/>
</testsuite> <!-- Automation.Training.LearnActionClass -->
