<?xml version="1.0" encoding="UTF-8"?>
<!-- Generated by org.testng.reporters.JUnitReportReporter -->
<testsuite skipped="0" hostname="QueenOfTheHouse" name="orangeHRMProject.loginTest" tests="1" failures="0" timestamp="09 May 2023 17:10:33 GMT" time="0.015" errors="0">
  <testcase name="myLoginTest" time="0.015" classname="orangeHRMProject.loginTest"/>
</testsuite> <!-- orangeHRMProject.loginTest -->
