<?xml version="1.0" encoding="UTF-8"?>
<!-- Generated by org.testng.reporters.JUnitReportReporter -->
<testsuite skipped="0" hostname="QueenOfTheHouse" name="Automation.Training.LearnAlerts" tests="1" failures="0" timestamp="04 May 2023 17:17:41 GMT" time="25.666" errors="0">
  <testcase name="myAlertTest" time="25.666" classname="Automation.Training.LearnAlerts"/>
</testsuite> <!-- Automation.Training.LearnAlerts -->
