<?xml version="1.0" encoding="UTF-8"?>
<!-- Generated by org.testng.reporters.JUnitReportReporter -->
<testsuite skipped="0" hostname="QueenOfTheHouse" name="LearnTestNg.PIM" tests="5" failures="0" timestamp="25 Apr 2023 17:23:16 GMT" time="0.007" errors="0">
  <testcase name="emplNamewithValidName" time="0.001" classname="LearnTestNg.PIM"/>
  <testcase name="AddEmployee" time="0.002" classname="LearnTestNg.PIM"/>
  <testcase name="emplIDwithInValidName" time="0.001" classname="LearnTestNg.PIM"/>
  <testcase name="emplIDwithValidName" time="0.002" classname="LearnTestNg.PIM"/>
  <testcase name="emplNamewithInValidName" time="0.001" classname="LearnTestNg.PIM"/>
</testsuite> <!-- LearnTestNg.PIM -->
