<?xml version="1.0" encoding="UTF-8"?>
<!-- Generated by org.testng.reporters.JUnitReportReporter -->
<testsuite skipped="0" hostname="QueenOfTheHouse" name="LearnTestNg.TestPrioirty" tests="4" failures="0" timestamp="25 Apr 2023 17:23:16 GMT" time="0.005" errors="0">
  <testcase name="OpenBrowser" time="0.001" classname="LearnTestNg.TestPrioirty"/>
  <testcase name="SignIn" time="0.002" classname="LearnTestNg.TestPrioirty"/>
  <testcase name="AdminFeature" time="0.001" classname="LearnTestNg.TestPrioirty"/>
  <testcase name="PIMFeature" time="0.001" classname="LearnTestNg.TestPrioirty"/>
</testsuite> <!-- LearnTestNg.TestPrioirty -->
