<?xml version="1.0" encoding="UTF-8"?>
<!-- Generated by org.testng.reporters.JUnitReportReporter -->
<testsuite skipped="0" hostname="QueenOfTheHouse" name="Automation.Training.LearnWindowHandles" tests="1" failures="0" timestamp="03 May 2023 17:00:57 GMT" time="18.452" errors="0">
  <testcase name="myTest" time="18.452" classname="Automation.Training.LearnWindowHandles"/>
</testsuite> <!-- Automation.Training.LearnWindowHandles -->
